<?xml version="1.0" encoding="UTF-8"?>
<testng-results skipped="0" failed="0" total="5" passed="5">
  <reporter-output>
  </reporter-output>
  <suite name="Default suite" duration-ms="32" started-at="2015-06-29T05:09:46Z" finished-at="2015-06-29T05:09:46Z">
    <groups>
    </groups>
    <test name="Default test" duration-ms="32" started-at="2015-06-29T05:09:46Z" finished-at="2015-06-29T05:09:46Z">
      <class name="testone.RunTestMultipleTimes">
        <test-method status="PASS" signature="runMultipleTimes()[pri:0, instance:testone.RunTestMultipleTimes@1d99928]" name="runMultipleTimes" duration-ms="11" started-at="2015-06-29T10:39:46Z" finished-at="2015-06-29T10:39:46Z">
          <reporter-output>
          </reporter-output>
        </test-method> <!-- runMultipleTimes -->
        <test-method status="PASS" signature="runMultipleTimes()[pri:0, instance:testone.RunTestMultipleTimes@1d99928]" name="runMultipleTimes" duration-ms="1" started-at="2015-06-29T10:39:46Z" finished-at="2015-06-29T10:39:46Z">
          <reporter-output>
          </reporter-output>
        </test-method> <!-- runMultipleTimes -->
        <test-method status="PASS" signature="runMultipleTimes()[pri:0, instance:testone.RunTestMultipleTimes@1d99928]" name="runMultipleTimes" duration-ms="0" started-at="2015-06-29T10:39:46Z" finished-at="2015-06-29T10:39:46Z">
          <reporter-output>
          </reporter-output>
        </test-method> <!-- runMultipleTimes -->
        <test-method status="PASS" signature="runMultipleTimes()[pri:0, instance:testone.RunTestMultipleTimes@1d99928]" name="runMultipleTimes" duration-ms="0" started-at="2015-06-29T10:39:46Z" finished-at="2015-06-29T10:39:46Z">
          <reporter-output>
          </reporter-output>
        </test-method> <!-- runMultipleTimes -->
        <test-method status="PASS" signature="runMultipleTimes()[pri:0, instance:testone.RunTestMultipleTimes@1d99928]" name="runMultipleTimes" duration-ms="2" started-at="2015-06-29T10:39:46Z" finished-at="2015-06-29T10:39:46Z">
          <reporter-output>
          </reporter-output>
        </test-method> <!-- runMultipleTimes -->
      </class> <!-- testone.RunTestMultipleTimes -->
    </test> <!-- Default test -->
  </suite> <!-- Default suite -->
</testng-results>
